<?xml version="1.0" encoding="UTF-8"?>
<!-- Generated by org.testng.reporters.JUnitXMLReporter -->
<testsuite hostname="L005614" name="PriceSmokeTest" tests="6" failures="0" timestamp="26 Oct 2017 14:26:20 GMT" time="0.156" errors="0">
  <testcase name="@BeforeTest LoginToDealMax" time="0.0" classname="com.apttus.admin.SmokeSuite">
    <failure type="org.testng.TestNGException" message="
Parameter &amp;apos;runParallel&amp;apos; is required by @Configuration on method LoginToDealMax but has not been marked @Optional or defined
in C:\newcpq\cpqaic\admin\PriceSuite.xml">
      <![CDATA[org.testng.TestNGException: 
Parameter 'runParallel' is required by @Configuration on method LoginToDealMax but has not been marked @Optional or defined
in C:\newcpq\cpqaic\admin\PriceSuite.xml
	at org.testng.internal.Parameters.createParameters(Parameters.java:154)
	at org.testng.internal.Parameters.createParameters(Parameters.java:361)
	at org.testng.internal.Parameters.createConfigurationParameters(Parameters.java:84)
	at org.testng.internal.Invoker.invokeConfigurations(Invoker.java:201)
	at org.testng.internal.Invoker.invokeConfigurations(Invoker.java:142)
	at org.testng.TestRunner.beforeRun(TestRunner.java:656)
	at org.testng.TestRunner.run(TestRunner.java:624)
	at org.testng.SuiteRunner.runTest(SuiteRunner.java:366)
	at org.testng.SuiteRunner.runSequentially(SuiteRunner.java:361)
	at org.testng.SuiteRunner.privateRun(SuiteRunner.java:319)
	at org.testng.SuiteRunner.run(SuiteRunner.java:268)
	at org.testng.SuiteRunnerWorker.runSuite(SuiteRunnerWorker.java:52)
	at org.testng.SuiteRunnerWorker.run(SuiteRunnerWorker.java:86)
	at org.testng.TestNG.runSuitesSequentially(TestNG.java:1244)
	at org.testng.TestNG.runSuitesLocally(TestNG.java:1169)
	at org.testng.TestNG.run(TestNG.java:1064)
	at org.testng.remote.AbstractRemoteTestNG.run(AbstractRemoteTestNG.java:114)
	at org.testng.remote.RemoteTestNG.initAndRun(RemoteTestNG.java:251)
	at org.testng.remote.RemoteTestNG.main(RemoteTestNG.java:77)
]]>
    </failure>
  </testcase> <!-- @BeforeTest LoginToDealMax -->
  <testcase name="@BeforeTest setUp" time="0.0" classname="com.apttus.admin.SmokeSuite">
    <skipped/>
  </testcase> <!-- @BeforeTest setUp -->
  <testcase name="@AfterMethod methodCleanUp" time="0.0" classname="com.apttus.admin.SmokeSuite">
    <skipped/>
  </testcase> <!-- @AfterMethod methodCleanUp -->
  <testcase name="@AfterMethod methodCleanUp" time="0.0" classname="com.apttus.admin.SmokeSuite">
    <skipped/>
  </testcase> <!-- @AfterMethod methodCleanUp -->
  <testcase name="@AfterMethod methodCleanUp" time="0.0" classname="com.apttus.admin.SmokeSuite">
    <skipped/>
  </testcase> <!-- @AfterMethod methodCleanUp -->
  <testcase name="@AfterMethod methodCleanUp" time="0.0" classname="com.apttus.admin.SmokeSuite">
    <skipped/>
  </testcase> <!-- @AfterMethod methodCleanUp -->
  <testcase name="@AfterMethod methodCleanUp" time="0.0" classname="com.apttus.admin.SmokeSuite">
    <skipped/>
  </testcase> <!-- @AfterMethod methodCleanUp -->
  <testcase name="@AfterMethod methodCleanUp" time="0.0" classname="com.apttus.admin.SmokeSuite">
    <skipped/>
  </testcase> <!-- @AfterMethod methodCleanUp -->
  <testcase name="CreatePriceList" time="0.016" classname="com.apttus.admin.SmokeSuite">
    <skipped/>
  </testcase> <!-- CreatePriceList -->
  <testcase name="PriceListMandatoryFields" time="0.016" classname="com.apttus.admin.SmokeSuite">
    <skipped/>
  </testcase> <!-- PriceListMandatoryFields -->
  <testcase name="DisablePriceToggle" time="0.015" classname="com.apttus.admin.SmokeSuite">
    <skipped/>
  </testcase> <!-- DisablePriceToggle -->
  <testcase name="PriceListValidation" time="0.015" classname="com.apttus.admin.SmokeSuite">
    <skipped/>
  </testcase> <!-- PriceListValidation -->
  <testcase name="PriceRulesetValidation" time="0.016" classname="com.apttus.admin.SmokeSuite">
    <skipped/>
  </testcase> <!-- PriceRulesetValidation -->
  <testcase name="PricePipelineValidation" time="0.0" classname="com.apttus.admin.SmokeSuite">
    <skipped/>
  </testcase> <!-- PricePipelineValidation -->
</testsuite> <!-- PriceSmokeTest -->
