<?xml version="1.0" encoding="UTF-8"?>
<!-- Generated by org.testng.reporters.JUnitXMLReporter -->
<testsuite hostname="L005614" name="Default test" tests="1" failures="0" timestamp="16 Oct 2017 06:47:54 GMT" time="0.093" errors="0">
  <testcase name="@BeforeTest LoginToDealMax" time="0.0" classname="com.apttus.admin.SmokeSuite">
    <failure type="org.testng.TestNGException" message="
Parameter &amp;apos;runParallel&amp;apos; is required by @Configuration on method LoginToDealMax but has not been marked @Optional or defined
in C:\Users\shsharma\AppData\Local\Temp\testng-eclipse--721069478\testng-customsuite.xml">
      <![CDATA[org.testng.TestNGException: 
Parameter 'runParallel' is required by @Configuration on method LoginToDealMax but has not been marked @Optional or defined
in C:\Users\shsharma\AppData\Local\Temp\testng-eclipse--721069478\testng-customsuite.xml
	at org.testng.internal.Parameters.createParameters(Parameters.java:154)
	at org.testng.internal.Parameters.createParameters(Parameters.java:361)
	at org.testng.internal.Parameters.createConfigurationParameters(Parameters.java:84)
	at org.testng.internal.Invoker.invokeConfigurations(Invoker.java:201)
	at org.testng.internal.Invoker.invokeConfigurations(Invoker.java:142)
	at org.testng.TestRunner.beforeRun(TestRunner.java:656)
	at org.testng.TestRunner.run(TestRunner.java:624)
	at org.testng.SuiteRunner.runTest(SuiteRunner.java:366)
	at org.testng.SuiteRunner.runSequentially(SuiteRunner.java:361)
	at org.testng.SuiteRunner.privateRun(SuiteRunner.java:319)
	at org.testng.SuiteRunner.run(SuiteRunner.java:268)
	at org.testng.SuiteRunnerWorker.runSuite(SuiteRunnerWorker.java:52)
	at org.testng.SuiteRunnerWorker.run(SuiteRunnerWorker.java:86)
	at org.testng.TestNG.runSuitesSequentially(TestNG.java:1244)
	at org.testng.TestNG.runSuitesLocally(TestNG.java:1169)
	at org.testng.TestNG.run(TestNG.java:1064)
	at org.testng.remote.AbstractRemoteTestNG.run(AbstractRemoteTestNG.java:114)
	at org.testng.remote.RemoteTestNG.initAndRun(RemoteTestNG.java:251)
	at org.testng.remote.RemoteTestNG.main(RemoteTestNG.java:77)
]]>
    </failure>
  </testcase> <!-- @BeforeTest LoginToDealMax -->
  <testcase name="PriceRulesetValidation" time="0.016" classname="com.apttus.admin.SmokeSuite">
    <skipped/>
  </testcase> <!-- PriceRulesetValidation -->
</testsuite> <!-- Default test -->
